  base64.cpp
base64.cpp(88): warning C4267: '=': conversion from 'size_t' to 'unsigned char', possible loss of data
base64.cpp(105): warning C4267: '=': conversion from 'size_t' to 'unsigned char', possible loss of data
  Button.cpp
  Camera.cpp
Camera.cpp(31): warning C4838: conversion from 'float' to 'int' requires a narrowing conversion
Camera.cpp(31): warning C4244: 'initializing': conversion from 'float' to 'int', possible loss of data
  CollisionManager.cpp
c:\users\jamie\desktop\uppp\2d sdl game\vs2017\sdl_engine\Projectile.h(20): warning C4244: '=': conversion from 'int' to 'float', possible loss of data
CollisionManager.cpp(80): warning C4244: '=': conversion from 'float' to 'int', possible loss of data
CollisionManager.cpp(81): warning C4244: '=': conversion from 'float' to 'int', possible loss of data
CollisionManager.cpp(85): warning C4244: 'initializing': conversion from 'float' to 'int', possible loss of data
CollisionManager.cpp(86): warning C4244: 'initializing': conversion from 'float' to 'int', possible loss of data
  DisplayGraphic.cpp
DisplayGraphic.cpp(49): warning C4244: 'argument': conversion from 'int' to 'float', possible loss of data
  Enemy.cpp
c:\users\jamie\desktop\uppp\2d sdl game\vs2017\sdl_engine\Projectile.h(20): warning C4244: '=': conversion from 'int' to 'float', possible loss of data
Enemy.cpp(36): warning C4244: '=': conversion from 'float' to 'int', possible loss of data
Enemy.cpp(37): warning C4244: '=': conversion from 'float' to 'int', possible loss of data
Enemy.cpp(105): warning C4244: 'argument': conversion from 'float' to 'int', possible loss of data
Enemy.cpp(106): warning C4244: 'argument': conversion from 'float' to 'int', possible loss of data
Enemy.cpp(107): warning C4244: 'argument': conversion from 'float' to 'int', possible loss of data
Enemy.cpp(108): warning C4244: 'argument': conversion from 'float' to 'int', possible loss of data
Enemy.cpp(110): warning C4244: 'argument': conversion from 'float' to 'int', possible loss of data
Enemy.cpp(111): warning C4244: 'argument': conversion from 'float' to 'int', possible loss of data
Enemy.cpp(112): warning C4244: 'argument': conversion from 'float' to 'int', possible loss of data
Enemy.cpp(113): warning C4244: 'argument': conversion from 'float' to 'int', possible loss of data
c:\users\jamie\desktop\uppp\2d sdl game\vs2017\sdl_engine\Vector2.h(26): warning C4244: 'initializing': conversion from 'float' to 'int', possible loss of data
  c:\users\jamie\desktop\uppp\2d sdl game\vs2017\sdl_engine\Vector2.h(25): note: while compiling class template member function 'float Vector2<float>::distance(const Vector2<float> &)'
  Enemy.cpp(44): note: see reference to function template instantiation 'float Vector2<float>::distance(const Vector2<float> &)' being compiled
  c:\users\jamie\desktop\uppp\2d sdl game\vs2017\sdl_engine\Layer.h(27): note: see reference to class template instantiation 'Vector2<float>' being compiled
c:\users\jamie\desktop\uppp\2d sdl game\vs2017\sdl_engine\Vector2.h(27): warning C4244: 'initializing': conversion from 'float' to 'int', possible loss of data
c:\users\jamie\desktop\uppp\2d sdl game\vs2017\sdl_engine\Vector2.h(28): warning C4244: 'return': conversion from 'double' to 'float', possible loss of data
  EventHandler.cpp
  EventPoller.cpp
EventPoller.cpp(27): warning C4018: '<': signed/unsigned mismatch
  Game.cpp
  GameObjectFactory.cpp
  GameOverState.cpp
GameOverState.cpp(18): warning C4018: '<': signed/unsigned mismatch
GameOverState.cpp(26): warning C4018: '<': signed/unsigned mismatch
GameOverState.cpp(53): warning C4018: '<': signed/unsigned mismatch
GameOverState.cpp(61): warning C4018: '<': signed/unsigned mismatch
  GameStateMachine.cpp
  InfoMenuState.cpp
InfoMenuState.cpp(18): warning C4018: '<': signed/unsigned mismatch
InfoMenuState.cpp(26): warning C4018: '<': signed/unsigned mismatch
InfoMenuState.cpp(51): warning C4018: '<': signed/unsigned mismatch
InfoMenuState.cpp(59): warning C4018: '<': signed/unsigned mismatch
  Level.cpp
c:\users\jamie\desktop\uppp\2d sdl game\vs2017\sdl_engine\Projectile.h(20): warning C4244: '=': conversion from 'int' to 'float', possible loss of data
Level.cpp(12): warning C4018: '<': signed/unsigned mismatch
Level.cpp(21): warning C4018: '<': signed/unsigned mismatch
  LevelManager.cpp
LevelManager.cpp(66): warning C4244: 'argument': conversion from 'int' to 'float', possible loss of data
LevelManager.cpp(67): warning C4244: 'argument': conversion from 'int' to 'float', possible loss of data
  LevelParser.cpp
  LevelTrigger.cpp
  main.cpp
main.cpp(5): warning C4244: 'initializing': conversion from 'float' to 'int', possible loss of data
  MainMenuState.cpp
MainMenuState.cpp(18): warning C4018: '<': signed/unsigned mismatch
MainMenuState.cpp(26): warning C4018: '<': signed/unsigned mismatch
MainMenuState.cpp(52): warning C4018: '<': signed/unsigned mismatch
MainMenuState.cpp(60): warning C4018: '<': signed/unsigned mismatch
  ObjectLayer.cpp
ObjectLayer.cpp(23): warning C4018: '<': signed/unsigned mismatch
  Compiling...
  PauseMenuState.cpp
PauseMenuState.cpp(17): warning C4018: '<': signed/unsigned mismatch
PauseMenuState.cpp(25): warning C4018: '<': signed/unsigned mismatch
PauseMenuState.cpp(51): warning C4018: '<': signed/unsigned mismatch
PauseMenuState.cpp(59): warning C4018: '<': signed/unsigned mismatch
  Player.cpp
c:\users\jamie\desktop\uppp\2d sdl game\vs2017\sdl_engine\Projectile.h(20): warning C4244: '=': conversion from 'int' to 'float', possible loss of data
Player.cpp(37): warning C4244: '=': conversion from 'float' to 'int', possible loss of data
Player.cpp(38): warning C4244: '=': conversion from 'float' to 'int', possible loss of data
Player.cpp(73): warning C4244: 'argument': conversion from 'int' to 'float', possible loss of data
Player.cpp(74): warning C4244: 'argument': conversion from 'int' to 'float', possible loss of data
Player.cpp(97): warning C4244: 'argument': conversion from 'float' to 'int', possible loss of data
Player.cpp(97): warning C4244: 'argument': conversion from 'double' to 'int', possible loss of data
  PlayState.cpp
PlayState.cpp(16): warning C4018: '<': signed/unsigned mismatch
PlayState.cpp(26): warning C4018: '<': signed/unsigned mismatch
PlayState.cpp(54): warning C4018: '<': signed/unsigned mismatch
  Projectile.cpp
c:\users\jamie\desktop\uppp\2d sdl game\vs2017\sdl_engine\Projectile.h(20): warning C4244: '=': conversion from 'int' to 'float', possible loss of data
  ProjectileHandler.cpp
c:\users\jamie\desktop\uppp\2d sdl game\vs2017\sdl_engine\Projectile.h(20): warning C4244: '=': conversion from 'int' to 'float', possible loss of data
  Relic.cpp
Relic.cpp(28): warning C4244: '=': conversion from 'float' to 'int', possible loss of data
Relic.cpp(29): warning C4244: '=': conversion from 'float' to 'int', possible loss of data
  ScrollingImage.cpp
ScrollingImage.cpp(13): warning C4244: 'argument': conversion from 'int' to 'float', possible loss of data
  SDLGameObject.cpp
SDLGameObject.cpp(7): warning C4244: 'argument': conversion from 'int' to 'float', possible loss of data
SDLGameObject.cpp(8): warning C4244: 'argument': conversion from 'int' to 'float', possible loss of data
SDLGameObject.cpp(19): warning C4244: 'argument': conversion from 'float' to 'int', possible loss of data
  StateParser.cpp
  TextureManager.cpp
  TileLayer.cpp
TileLayer.cpp(39): warning C4244: 'argument': conversion from 'float' to 'int', possible loss of data
  tinyxml.cpp
  tinyxmlerror.cpp
  tinyxmlparser.cpp
  VictoryMenuState.cpp
VictoryMenuState.cpp(17): warning C4018: '<': signed/unsigned mismatch
VictoryMenuState.cpp(25): warning C4018: '<': signed/unsigned mismatch
VictoryMenuState.cpp(51): warning C4018: '<': signed/unsigned mismatch
VictoryMenuState.cpp(58): warning C4018: '<': signed/unsigned mismatch
  Generating code
  1755 of 1776 functions (98.8%) were compiled, the rest were copied from previous compilation.
    26 functions were new in current compilation
    0 functions had inline decision re-evaluated but remain unchanged
  Finished generating code
  SDL_ENGINE.vcxproj -> C:\Users\Jamie\Desktop\uppp\2D SDL Game\VS2017\Release\SDL_ENGINE.exe
  SDL_ENGINE.vcxproj -> C:\Users\Jamie\Desktop\uppp\2D SDL Game\VS2017\Release\SDL_ENGINE.pdb (Full PDB)
